<?xml version="1.0" encoding="UTF-8"?>
<!-- Generated by org.testng.reporters.JUnitReportReporter -->
<testsuite hostname="SBWL-ARAJGURU" failures="0" tests="1" name="DockerSeGridPractise.DockerSeGrid.ChromeDemo" time="13.677" errors="0" timestamp="2021-07-25T02:42:16 IST" skipped="0">
  <testcase classname="DockerSeGridPractise.DockerSeGrid.ChromeDemo" name="testApp" time="13.677"/>
  <system-out/>
</testsuite> <!-- DockerSeGridPractise.DockerSeGrid.ChromeDemo -->
